0 info it worked if it ends with ok
1 verbose cli [ 'node', '/usr/local/bin/npm', 'install', 'grint-contrib-watch' ]
2 info using npm@1.4.28
3 info using node@v0.10.36
4 verbose readDependencies using package.json deps
5 verbose cache add [ 'grint-contrib-watch', null ]
6 verbose cache add name=undefined spec="grint-contrib-watch" args=["grint-contrib-watch",null]
7 verbose parsed url { protocol: null,
7 verbose parsed url   slashes: null,
7 verbose parsed url   auth: null,
7 verbose parsed url   host: null,
7 verbose parsed url   port: null,
7 verbose parsed url   hostname: null,
7 verbose parsed url   hash: null,
7 verbose parsed url   search: null,
7 verbose parsed url   query: null,
7 verbose parsed url   pathname: 'grint-contrib-watch',
7 verbose parsed url   path: 'grint-contrib-watch',
7 verbose parsed url   href: 'grint-contrib-watch' }
8 silly lockFile 896001c0-grint-contrib-watch grint-contrib-watch
9 verbose lock grint-contrib-watch /var/root/.npm/896001c0-grint-contrib-watch.lock
10 silly lockFile 896001c0-grint-contrib-watch grint-contrib-watch
11 silly lockFile 896001c0-grint-contrib-watch grint-contrib-watch
12 verbose addNamed [ 'grint-contrib-watch', '' ]
13 verbose addNamed [ null, '*' ]
14 silly lockFile 89d86d4d-grint-contrib-watch grint-contrib-watch@
15 verbose lock grint-contrib-watch@ /var/root/.npm/89d86d4d-grint-contrib-watch.lock
16 silly addNameRange { name: 'grint-contrib-watch', range: '*', hasData: false }
17 verbose request where is /grint-contrib-watch
18 verbose request registry https://registry.npmjs.org/
19 verbose request id ce70e5121a246c0c
20 verbose url raw /grint-contrib-watch
21 verbose url resolving [ 'https://registry.npmjs.org/', './grint-contrib-watch' ]
22 verbose url resolved https://registry.npmjs.org/grint-contrib-watch
23 verbose request where is https://registry.npmjs.org/grint-contrib-watch
24 info trying registry request attempt 1 at 22:33:08
25 http GET https://registry.npmjs.org/grint-contrib-watch
26 http 404 https://registry.npmjs.org/grint-contrib-watch
27 verbose headers { date: 'Wed, 25 Mar 2015 03:33:09 GMT',
27 verbose headers   server: 'CouchDB/1.5.0 (Erlang OTP/R16B03)',
27 verbose headers   'content-type': 'application/json',
27 verbose headers   'cache-control': 'max-age=0',
27 verbose headers   'content-length': '51',
27 verbose headers   'accept-ranges': 'bytes',
27 verbose headers   via: '1.1 varnish',
27 verbose headers   age: '0',
27 verbose headers   'x-served-by': 'cache-jfk1033-JFK',
27 verbose headers   'x-cache': 'MISS',
27 verbose headers   'x-cache-hits': '0',
27 verbose headers   'x-timer': 'S1427254389.279547,VS0,VE90',
27 verbose headers   'keep-alive': 'timeout=10, max=50',
27 verbose headers   connection: 'Keep-Alive' }
28 silly registry.get cb [ 404,
28 silly registry.get   { date: 'Wed, 25 Mar 2015 03:33:09 GMT',
28 silly registry.get     server: 'CouchDB/1.5.0 (Erlang OTP/R16B03)',
28 silly registry.get     'content-type': 'application/json',
28 silly registry.get     'cache-control': 'max-age=0',
28 silly registry.get     'content-length': '51',
28 silly registry.get     'accept-ranges': 'bytes',
28 silly registry.get     via: '1.1 varnish',
28 silly registry.get     age: '0',
28 silly registry.get     'x-served-by': 'cache-jfk1033-JFK',
28 silly registry.get     'x-cache': 'MISS',
28 silly registry.get     'x-cache-hits': '0',
28 silly registry.get     'x-timer': 'S1427254389.279547,VS0,VE90',
28 silly registry.get     'keep-alive': 'timeout=10, max=50',
28 silly registry.get     connection: 'Keep-Alive' } ]
29 silly lockFile 89d86d4d-grint-contrib-watch grint-contrib-watch@
30 silly lockFile 89d86d4d-grint-contrib-watch grint-contrib-watch@
31 error 404 404 Not Found: grint-contrib-watch
31 error 404
31 error 404 'grint-contrib-watch' is not in the npm registry.
31 error 404 You should bug the author to publish it
31 error 404 It was specified as a dependency of 'fundamentos'
31 error 404
31 error 404 Note that you can also install from a
31 error 404 tarball, folder, or http url, or git url.
32 error System Darwin 14.1.0
33 error command "node" "/usr/local/bin/npm" "install" "grint-contrib-watch"
34 error cwd /Users/mac/Sites/fundamentos
35 error node -v v0.10.36
36 error npm -v 1.4.28
37 error code E404
38 verbose exit [ 1, true ]
